Performing C++ SOURCE FILE Test CMAKE_HAVE_LIBC_PTHREAD failed with the following output:
Change Dir: /home/chris241/695GPU/cuda-programming-assignment-part-4-bonus-christindbose/CMakeFiles/CMakeTmp

Run Build Command(s):/usr/bin/gmake cmTC_93c3e/fast && /usr/bin/gmake -f CMakeFiles/cmTC_93c3e.dir/build.make CMakeFiles/cmTC_93c3e.dir/build
gmake[1]: Entering directory `/home/chris241/695GPU/cuda-programming-assignment-part-4-bonus-christindbose/CMakeFiles/CMakeTmp'
Building CXX object CMakeFiles/cmTC_93c3e.dir/src.cxx.o
/apps/spack/scholar/fall20/apps/gcc/6.3.0-gcc-4.8.5-234aoxy/bin/c++    -DCMAKE_HAVE_LIBC_PTHREAD   -o CMakeFiles/cmTC_93c3e.dir/src.cxx.o -c /home/chris241/695GPU/cuda-programming-assignment-part-4-bonus-christindbose/CMakeFiles/CMakeTmp/src.cxx
Linking CXX executable cmTC_93c3e
/apps/spack/scholar/fall20/apps/cmake/3.15.4-gcc-6.3.0-j762ehf/bin/cmake -E cmake_link_script CMakeFiles/cmTC_93c3e.dir/link.txt --verbose=1
/apps/spack/scholar/fall20/apps/gcc/6.3.0-gcc-4.8.5-234aoxy/bin/c++   -DCMAKE_HAVE_LIBC_PTHREAD    CMakeFiles/cmTC_93c3e.dir/src.cxx.o  -o cmTC_93c3e 
CMakeFiles/cmTC_93c3e.dir/src.cxx.o: In function `main':
src.cxx:(.text+0x2d): undefined reference to `pthread_create'
src.cxx:(.text+0x39): undefined reference to `pthread_detach'
src.cxx:(.text+0x4a): undefined reference to `pthread_join'
src.cxx:(.text+0x5e): undefined reference to `pthread_atfork'
/usr/bin/ld: link errors found, deleting executable `cmTC_93c3e'
/usr/bin/sha1sum: cmTC_93c3e: No such file or directory
collect2: error: ld returned 1 exit status
gmake[1]: *** [cmTC_93c3e] Error 1
gmake[1]: Leaving directory `/home/chris241/695GPU/cuda-programming-assignment-part-4-bonus-christindbose/CMakeFiles/CMakeTmp'
gmake: *** [cmTC_93c3e/fast] Error 2


Source file was:
#include <pthread.h>

void* test_func(void* data)
{
  return data;
}

int main(void)
{
  pthread_t thread;
  pthread_create(&thread, NULL, test_func, NULL);
  pthread_detach(thread);
  pthread_join(thread, NULL);
  pthread_atfork(NULL, NULL, NULL);
  pthread_exit(NULL);

  return 0;
}

Determining if the function pthread_create exists in the pthreads failed with the following output:
Change Dir: /home/chris241/695GPU/cuda-programming-assignment-part-4-bonus-christindbose/CMakeFiles/CMakeTmp

Run Build Command(s):/usr/bin/gmake cmTC_60441/fast && /usr/bin/gmake -f CMakeFiles/cmTC_60441.dir/build.make CMakeFiles/cmTC_60441.dir/build
gmake[1]: Entering directory `/home/chris241/695GPU/cuda-programming-assignment-part-4-bonus-christindbose/CMakeFiles/CMakeTmp'
Building CXX object CMakeFiles/cmTC_60441.dir/CheckFunctionExists.cxx.o
/apps/spack/scholar/fall20/apps/gcc/6.3.0-gcc-4.8.5-234aoxy/bin/c++    -DCHECK_FUNCTION_EXISTS=pthread_create   -o CMakeFiles/cmTC_60441.dir/CheckFunctionExists.cxx.o -c /home/chris241/695GPU/cuda-programming-assignment-part-4-bonus-christindbose/CMakeFiles/CheckLibraryExists/CheckFunctionExists.cxx
Linking CXX executable cmTC_60441
/apps/spack/scholar/fall20/apps/cmake/3.15.4-gcc-6.3.0-j762ehf/bin/cmake -E cmake_link_script CMakeFiles/cmTC_60441.dir/link.txt --verbose=1
/apps/spack/scholar/fall20/apps/gcc/6.3.0-gcc-4.8.5-234aoxy/bin/c++   -DCHECK_FUNCTION_EXISTS=pthread_create    CMakeFiles/cmTC_60441.dir/CheckFunctionExists.cxx.o  -o cmTC_60441 -lpthreads 
/usr/bin/ld: cannot find -lpthreads
/usr/bin/sha1sum: cmTC_60441: No such file or directory
collect2: error: ld returned 1 exit status
gmake[1]: *** [cmTC_60441] Error 1
gmake[1]: Leaving directory `/home/chris241/695GPU/cuda-programming-assignment-part-4-bonus-christindbose/CMakeFiles/CMakeTmp'
gmake: *** [cmTC_60441/fast] Error 2



